<?xml version="1.0" encoding="UTF-8" ?>
<testsuites>
  <testsuite errors="0" failures="1" hostname="cooper" id="5" name="MiscFunctionalTests" package="" tests="2" time="8.695" timestamp="2010-01-22T08:00:43">
      <properties />

      <testcase classname="MiscFunctionalTests" name="testPageNotFoundAdmin" time="7.503">
          <failure message="Expected HTTP status [200] but was [500]" type="functionaltestplugin.FunctionalTestException">URL Stack that resulted in junit.framework.AssertionFailedError: Expected HTTP status [200] but was [500]
---------------
http://localhost:8088/enrollio/signin (webWindowContentChange event)
http://localhost:8088/enrollio/login (webWindowContentChange event)
---------------
junit.framework.AssertionFailedError: Expected HTTP status [200] but was [500]
	at functionaltestplugin.FunctionalTestCase.assertStatus(FunctionalTestCase.groovy:587)
	at functionaltestplugin.FunctionalTestCase.invokeMethod(FunctionalTestCase.groovy:191)
	at MiscFunctionalTests.testPageNotFoundAdmin(MiscFunctionalTests.groovy:17)
	at functionaltestplugin.FunctionalTestCase.invokeMethod(FunctionalTestCase.groovy:201)
	at _GrailsTest_groovy$_run_closure4.doCall(_GrailsTest_groovy:262)
	at _GrailsTest_groovy$_run_closure4.call(_GrailsTest_groovy)
	at _GrailsTest_groovy$_run_closure2.doCall(_GrailsTest_groovy:221)
	at _GrailsTest_groovy$_run_closure1_closure21.doCall(_GrailsTest_groovy:181)
	at _GrailsTest_groovy$_run_closure1.doCall(_GrailsTest_groovy:168)
	at TestApp$_run_closure1.doCall(TestApp.groovy:102)
	at gant.Gant$_dispatch_closure4.doCall(Gant.groovy:324)
	at gant.Gant$_dispatch_closure6.doCall(Gant.groovy:334)
	at gant.Gant$_dispatch_closure6.doCall(Gant.groovy)
	at gant.Gant.withBuildListeners(Gant.groovy:344)
	at gant.Gant.this$2$withBuildListeners(Gant.groovy)
	at gant.Gant$this$2$withBuildListeners.callCurrent(Unknown Source)
	at gant.Gant.dispatch(Gant.groovy:334)
	at gant.Gant.this$2$dispatch(Gant.groovy)
	at gant.Gant.invokeMethod(Gant.groovy)
	at gant.Gant.processTargets(Gant.groovy:495)
	at gant.Gant.processTargets(Gant.groovy:480)
</failure>

      </testcase>

      <testcase classname="MiscFunctionalTests" name="testPageNotFoundBob" time="1.188" />

      <system-out><![CDATA[--Output from testPageNotFoundAdmin--


>>>>>>>>>>>>>>>>>>>> Making request to /login using method GET >>>>>>>>>>>>>>>>>>>>
Initializing web request settings for http://localhost:8088/enrollio/login
Request parameters:
========================================
========================================
Request headers:
========================================
Accept-Language: en
Accept: */*
========================================
Content of web window [TopLevelWindow[name=""]] changed
<<<<<<<<<<<<<<<<<<<< Received response from GET http://localhost:8088/enrollio/login <<<<<<<<<<<<<<<<<<<<
Response was 200 'OK', headers:
========================================
Server: Apache-Coyote/1.1
Content-Type: text/html;charset=UTF-8
Content-Language: en
Content-Length: 4025
Date: Fri, 22 Jan 2010 08:00:44 GMT
========================================
Content
========================================
<!DOCTYPE html PUBLIC "-//W3C//DTD XHTML 1.1//EN"
  "http://www.w3.org/TR/xhtml11/DTD/xhtml11.dtd">
<html>
    <head>
        <title>
            Login
        </title>
        <link rel="stylesheet" type="text/css" href="/enrollio/css/redmond/jquery-ui-1.7.2.custom.css" />
        <link rel="shortcut icon" href="/enrollio/images/favicon.ico" type="image/x-icon" />
        <!--[if IE]>
        <link rel="stylesheet" type="text/css" href="css/ie-sucks.css" />
        <![endif]-->
        <link rel="stylesheet" type="text/css" href="/enrollio/css/theme.css" />
        <link rel="stylesheet" type="text/css" href="/enrollio/css/style.css" />
        <link rel="stylesheet" type="text/css" href="/enrollio/css/theme1.css" />
        
        <meta content="text/html; charset=UTF-8" http-equiv="Content-Type"/>
        <meta content="main" name="layout"/>
        <meta content="login" name="tabName"/>
        
    
        <script type="text/javascript" src="/enrollio/js/application.js"></script>

    </head>
    <body>
        <div id="container">
            <div id="header">
                
                
                
                    <h2 style="display:inline">Welcome to Enrollio!</h2>
                
                <div id="topmenu">
                    <ul>
                        <li class="enr-top-menu-item">
                            <a href="/enrollio/programs">Programs</a>
                        </li>
                        <li class="enr-top-menu-item">
                            <a href="/enrollio/classSessions" class="enr-top-menu-item">Class Sessions</a>
                        </li>
                        <li class="enr-top-menu-item">
                            <a href="/enrollio/contacts">Contacts</a>
                        </li>
                        <li class="enr-top-menu-item">
                            <a href="/enrollio/students" class="enr-top-menu-item">Students</a>
                        </li>
                        
                        <li class="enr-top-menu-item">
                            <a href="/enrollio/help" class="enr-top-menu-item">Help</a>
                        </li>
                        
                            <li class="logintab current">
                                <a href="/enrollio/login">Login</a>
                            </li>
                        
                        
                    </ul>
                </div>
            </div>
            
        <div id="wrapper">
            <div id="content">
                
                <div class="rightnow">
                        <h3 class="reallynow"><span>Log In</span><br /></h3>
                        <div class="youhave">
                    <form action="/enrollio/signin" method="post" class="loginForm" name="loginForm" id="loginForm" >
                        <input type="hidden" name="targetUri" value="" />
                            <div>
                                <label for="username">Username:</label>
                                <input type="text" name="username"
                                value="" />
                            </div>
                            <div>
                                <label for="password">Password:</label>
                                <input type="password" name="password"
                                value="" />
                            </div>
                            <div>
                                <label for="rememberMe">Remember me?:</label>
                                <input type="hidden" name="_rememberMe" /><input type="checkbox" name="rememberMe" id="rememberMe"  />
                            </div>
                            <div>
                                <input id="login" type="submit" value="Sign in" />
                            </div>
                    </form>
                        </div>
                </div>
            </div>
            
        </div>
    
        </div>
    </body>
</html>

========================================

#Setting value to [admin] on field [name:username id:] of form [loginForm]
Changed attribute value to  on tag [input] (id: null / name: DomAttr[name=name value=username])
Setting value to [admin0] on field [name:password id:] of form [loginForm]
Changed attribute value to  on tag [input] (id: null / name: DomAttr[name=name value=password])
Clicked [login] which resolved to a [class com.gargoylesoftware.htmlunit.html.HtmlSubmitInput]
Content of web window [TopLevelWindow[name=""]] changed
<<<<<<<<<<<<<<<<<<<< Received response from POST http://localhost:8088/enrollio/signin <<<<<<<<<<<<<<<<<<<<
Response was 500 'Internal Server Error', headers:
========================================
Server: Apache-Coyote/1.1
Set-Cookie: JSESSIONID=BDE9DB7636B8E68CA08E2B1FDB34A99A; Path=/enrollio
Location: http://localhost:8088/enrollio/
Content-Type: text/html;charset=UTF-8
Transfer-Encoding: chunked
Date: Fri, 22 Jan 2010 08:00:50 GMT
Connection: close
========================================
Content
========================================
<html>
  <head>
	  <title>Grails Runtime Exception</title>
	  <style type="text/css">
	  		.message {
	  			border: 1px solid black;
	  			padding: 5px;
	  			background-color:#E9E9E9;
	  		}
	  		.stack {
	  			border: 1px solid black;
	  			padding: 5px;
	  			overflow:auto;
	  			height: 300px;
	  		}
	  		.snippet {
	  			padding: 5px;
	  			background-color:white;
	  			border:1px solid black;
	  			margin:3px;
	  			font-family:courier;
	  		}
	  </style>
  </head>

  <body>
    <h1>Grails Runtime Exception</h1>
    <h2>Error Details</h2>

  	<div class="message">
		<strong>Error 500:</strong> <br/>
		<strong>Servlet:</strong> default<br/>
		<strong>URI:</strong> /enrollio/signin<br/>
		
	  		<strong>Exception Message:</strong> GC overhead limit exceeded <br />
	  		<strong>Caused by:</strong> Executing action [signIn] of controller [org.bworks.bworksdb.auth.AuthController]  caused exception: java.lang.OutOfMemoryError: GC overhead limit exceeded <br />
	  		<strong>Class:</strong> Unknown <br />
	  		<strong>At Line:</strong> [-1] <br />
	  		<strong>Code Snippet:</strong><br />
	  		<div class="snippet">
	  			
	  		</div>
		
  	</div>
	
	    <h2>Stack Trace</h2>
	    <div class="stack">
	      <pre>org.codehaus.groovy.grails.web.servlet.mvc.exceptions.ControllerExecutionException: Executing action [signIn] of controller [org.bworks.bworksdb.auth.AuthController]  caused exception: java.lang.OutOfMemoryError: GC overhead limit exceeded
<br/>	at org.apache.shiro.web.servlet.ShiroFilter.executeChain(ShiroFilter.java:687)
<br/>	at org.apache.shiro.web.servlet.ShiroFilter.doFilterInternal(ShiroFilter.java:616)
<br/>	at org.apache.shiro.web.servlet.OncePerRequestFilter.doFilter(OncePerRequestFilter.java:81)
<br/>	at java.lang.Thread.run(Thread.java:619)
<br/>Caused by: org.codehaus.groovy.runtime.InvokerInvocationException: java.lang.OutOfMemoryError: GC overhead limit exceeded
<br/>	... 4 more
<br/>Caused by: java.lang.OutOfMemoryError: GC overhead limit exceeded
<br/>	at java.lang.AbstractStringBuilder.&lt;init&gt;(AbstractStringBuilder.java:45)
<br/>	at java.lang.StringBuilder.&lt;init&gt;(StringBuilder.java:92)
<br/></pre>
	    </div>
	
  </body>
</html>
========================================

#
Failed: Expected HTTP status [200] but was [500]

Failed: Expected HTTP status [200] but was [500]
URL: http://localhost:8088/enrollio/signin

--Output from testPageNotFoundBob--


>>>>>>>>>>>>>>>>>>>> Making request to /login using method GET >>>>>>>>>>>>>>>>>>>>
Initializing web request settings for http://localhost:8088/enrollio/login
Request parameters:
========================================
========================================
Request headers:
========================================
Accept-Language: en
Accept: */*
========================================
Content of web window [TopLevelWindow[name=""]] changed
<<<<<<<<<<<<<<<<<<<< Received response from GET http://localhost:8088/enrollio/login <<<<<<<<<<<<<<<<<<<<
Response was 200 'OK', headers:
========================================
Server: Apache-Coyote/1.1
Content-Type: text/html;charset=UTF-8
Content-Language: en
Content-Length: 4025
Date: Fri, 22 Jan 2010 08:00:50 GMT
========================================
Content
========================================
<!DOCTYPE html PUBLIC "-//W3C//DTD XHTML 1.1//EN"
  "http://www.w3.org/TR/xhtml11/DTD/xhtml11.dtd">
<html>
    <head>
        <title>
            Login
        </title>
        <link rel="stylesheet" type="text/css" href="/enrollio/css/redmond/jquery-ui-1.7.2.custom.css" />
        <link rel="shortcut icon" href="/enrollio/images/favicon.ico" type="image/x-icon" />
        <!--[if IE]>
        <link rel="stylesheet" type="text/css" href="css/ie-sucks.css" />
        <![endif]-->
        <link rel="stylesheet" type="text/css" href="/enrollio/css/theme.css" />
        <link rel="stylesheet" type="text/css" href="/enrollio/css/style.css" />
        <link rel="stylesheet" type="text/css" href="/enrollio/css/theme1.css" />
        
        <meta content="text/html; charset=UTF-8" http-equiv="Content-Type"/>
        <meta content="main" name="layout"/>
        <meta content="login" name="tabName"/>
        
    
        <script type="text/javascript" src="/enrollio/js/application.js"></script>

    </head>
    <body>
        <div id="container">
            <div id="header">
                
                
                
                    <h2 style="display:inline">Welcome to Enrollio!</h2>
                
                <div id="topmenu">
                    <ul>
                        <li class="enr-top-menu-item">
                            <a href="/enrollio/programs">Programs</a>
                        </li>
                        <li class="enr-top-menu-item">
                            <a href="/enrollio/classSessions" class="enr-top-menu-item">Class Sessions</a>
                        </li>
                        <li class="enr-top-menu-item">
                            <a href="/enrollio/contacts">Contacts</a>
                        </li>
                        <li class="enr-top-menu-item">
                            <a href="/enrollio/students" class="enr-top-menu-item">Students</a>
                        </li>
                        
                        <li class="enr-top-menu-item">
                            <a href="/enrollio/help" class="enr-top-menu-item">Help</a>
                        </li>
                        
                            <li class="logintab current">
                                <a href="/enrollio/login">Login</a>
                            </li>
                        
                        
                    </ul>
                </div>
            </div>
            
        <div id="wrapper">
            <div id="content">
                
                <div class="rightnow">
                        <h3 class="reallynow"><span>Log In</span><br /></h3>
                        <div class="youhave">
                    <form action="/enrollio/signin" method="post" class="loginForm" name="loginForm" id="loginForm" >
                        <input type="hidden" name="targetUri" value="" />
                            <div>
                                <label for="username">Username:</label>
                                <input type="text" name="username"
                                value="" />
                            </div>
                            <div>
                                <label for="password">Password:</label>
                                <input type="password" name="password"
                                value="" />
                            </div>
                            <div>
                                <label for="rememberMe">Remember me?:</label>
                                <input type="hidden" name="_rememberMe" /><input type="checkbox" name="rememberMe" id="rememberMe"  />
                            </div>
                            <div>
                                <input id="login" type="submit" value="Sign in" />
                            </div>
                    </form>
                        </div>
                </div>
            </div>
            
        </div>
    
        </div>
    </body>
</html>

========================================

#Setting value to [bob] on field [name:username id:] of form [loginForm]
Changed attribute value to  on tag [input] (id: null / name: DomAttr[name=name value=username])
Setting value to [bobbobbob0] on field [name:password id:] of form [loginForm]
Changed attribute value to  on tag [input] (id: null / name: DomAttr[name=name value=password])
Clicked [login] which resolved to a [class com.gargoylesoftware.htmlunit.html.HtmlSubmitInput]
Content of web window [TopLevelWindow[name=""]] changed
<<<<<<<<<<<<<<<<<<<< Received response from POST http://localhost:8088/enrollio/signin <<<<<<<<<<<<<<<<<<<<
Response was a redirect to http://localhost:8088/enrollio/ <<<<<<<<<<<<<<<<<<<<
Response was 302 'Moved Temporarily', headers:
========================================
Server: Apache-Coyote/1.1
Set-Cookie: JSESSIONID=E66672BC0441A11E854C71E00EFB9B7A; Path=/enrollio
Location: http://localhost:8088/enrollio/
Content-Length: 0
Date: Fri, 22 Jan 2010 08:00:50 GMT
========================================
Content
========================================

========================================

#Following redirect to http://localhost:8088/enrollio/


>>>>>>>>>>>>>>>>>>>> Making request to http://localhost:8088/enrollio/ using method GET >>>>>>>>>>>>>>>>>>>>
Initializing web request settings for http://localhost:8088/enrollio/
Request parameters:
========================================
========================================
Request headers:
========================================
Accept-Language: en
Accept: */*
========================================
Content of web window [TopLevelWindow[name=""]] changed
<<<<<<<<<<<<<<<<<<<< Received response from GET http://localhost:8088/enrollio/ <<<<<<<<<<<<<<<<<<<<
Response was 200 'OK', headers:
========================================
Server: Apache-Coyote/1.1
Content-Type: text/html;charset=UTF-8
Content-Language: en
Content-Length: 4592
Date: Fri, 22 Jan 2010 08:00:50 GMT
========================================
Content
========================================
<!DOCTYPE html PUBLIC "-//W3C//DTD XHTML 1.1//EN"
  "http://www.w3.org/TR/xhtml11/DTD/xhtml11.dtd">
<html>
    <head>
        <title>
            Help - About
        </title>
        <link rel="stylesheet" type="text/css" href="/enrollio/css/redmond/jquery-ui-1.7.2.custom.css" />
        <link rel="shortcut icon" href="/enrollio/images/favicon.ico" type="image/x-icon" />
        <!--[if IE]>
        <link rel="stylesheet" type="text/css" href="css/ie-sucks.css" />
        <![endif]-->
        <link rel="stylesheet" type="text/css" href="/enrollio/css/theme.css" />
        <link rel="stylesheet" type="text/css" href="/enrollio/css/style.css" />
        <link rel="stylesheet" type="text/css" href="/enrollio/css/theme1.css" />
        
        <meta content="text/html; charset=UTF-8" http-equiv="Content-Type"/>
        <meta content="main" name="layout"/>
        <meta content="help" name="tabName"/>
        
    
        <script type="text/javascript" src="/enrollio/js/application.js"></script>

    </head>
    <body>
        <div id="container">
            <div id="header">
                
                
                    <h2 style="display:inline">Welcome to Enrollio, 
                    bob!</h2>
                
                
                <div id="topmenu">
                    <ul>
                        <li class="enr-top-menu-item">
                            <a href="/enrollio/programs">Programs</a>
                        </li>
                        <li class="enr-top-menu-item">
                            <a href="/enrollio/classSessions" class="enr-top-menu-item">Class Sessions</a>
                        </li>
                        <li class="enr-top-menu-item">
                            <a href="/enrollio/contacts">Contacts</a>
                        </li>
                        <li class="enr-top-menu-item">
                            <a href="/enrollio/students" class="enr-top-menu-item">Students</a>
                        </li>
                        
                        <li class="current">
                            <a href="/enrollio/help" class="enr-top-menu-item">Help</a>
                        </li>
                        
                        
                            <li class="logintab">
                                <a href="/enrollio/logout">Logout</a>
                            </li>
                        
                    </ul>
                </div>
            </div>
            
        <div id="wrapper">
            <div id="content">
                <div class="rightnow">
                    <h3 class="reallynow">What is Enrollio?</h3>
                    <p>Enrollio is an open-source application that tracks enrollment
                    and attendance for small-to-medium size classes.  Ideal for groups of up to 20 students or participants.</p>
                    <h3 class="reallynow">Features</h3>
                    <ul class="helplist">
                        <li>Maintain a list of people interested in your classes</li>
                        <li>Enroll new students according to signup date</li>
                        <li>Print welcome letters for new students</li>
                        <li>Track attendance and print graduation certificates</li>
                    </ul>
                    <h3 class="reallynow">Who would use Enrollio?</h3>
                    <p>Consider using Enrollio in the following scenarios:</p>
                    <ul class="helplist">
                        <li>Teaching a 6-week training course</li>
                        <li>Administrating summer classes</li>
                        <li>Tracking enrollment/completion of safety training</li>
                        <li>Tracking meeting attendance</li>
                    </ul>
                    <h3 class="reallynow">How can I try Enrollio?</h3>
                    <p>Send an e-mail to <a href="mailto:nathan.neff@gmail.com" >nathan.neff@gmail.com</a> for a login name/password</p>
                    <h3 class="reallynow">Thanks</h3>
                    <p>I would like to thank&nbsp;<a href="/enrollio/thanks">a bunch of people</a> for helping me.</p>
                </div>
            </div>
        </div>
        <div id="sidebar">
            <ul>
    <li>
        <h3>
            <a href="/enrollio/help" class="help">Help</a>
        </h3>
        <ul>
            <li>
                <a href="/enrollio/thanks" class="grin">Credits</a>
            </li>
        </ul>
    </li>
</ul>

        </div>
    
        </div>
    </body>
</html>

========================================

#

>>>>>>>>>>>>>>>>>>>> Making request to /somepage using method GET >>>>>>>>>>>>>>>>>>>>
Initializing web request settings for http://localhost:8088/enrollio/somepage
Request parameters:
========================================
========================================
Request headers:
========================================
Accept-Language: en
Accept: */*
========================================
Content of web window [TopLevelWindow[name=""]] changed
<<<<<<<<<<<<<<<<<<<< Received response from GET http://localhost:8088/enrollio/somepage <<<<<<<<<<<<<<<<<<<<
Response was 404 'Not Found', headers:
========================================
Server: Apache-Coyote/1.1
Content-Type: text/html;charset=UTF-8
Transfer-Encoding: chunked
Date: Fri, 22 Jan 2010 08:00:50 GMT
========================================
Content
========================================
<html xmlns="http://www.w3.org/1999/xhtml">
    <head>
        <meta content="text/html; charset=UTF-8" http-equiv="Content-Type"/>
        <link rel="stylesheet" type="text/css" href="/enrollio/css/theme.css" />
        <link rel="stylesheet" type="text/css" href="/enrollio/css/style.css" />
        <link rel="stylesheet" type="text/css" href="/enrollio/css/theme1.css" />
        <title>Page Not Found</title>
    </head>
    <body>
        <div id="container">
            <div id="header">
                <h2 style="display:inline">Page Not Found</h2>
                
                <div id="topmenu">
                    <ul>
                        <li class="enr-top-menu-item">
                            <a href="/enrollio/programs">Programs</a>
                        </li>
                        <li class="enr-top-menu-item">
                            <a href="/enrollio/classSessions" class="enr-top-menu-item">Class Sessions</a>
                        </li>
                        <li class="enr-top-menu-item">
                            <a href="/enrollio/contacts">Contacts</a>
                        </li>
                        <li class="enr-top-menu-item">
                            <a href="/enrollio/students" class="enr-top-menu-item">Students</a>
                        </li>
                        <li class="enr-top-menu-item">
                            <a href="/enrollio/help" class="enr-top-menu-item">Help</a>
                        </li>
                            <li class="logintab">
                                <a href="/enrollio/login">Login</a>
                            </li>
                    </ul>
                </div>
            </div>
        <div id="wrapper">
            <div id="content">
                <div class="rightnow">
                    <h3 class="reallynow">
                        <span>Page Not Found</span>
                    
                        <br />
                    </h3>
                    <p class="youhave">Enrollio would really like you to graduate, but can't find the page you're looking for.</p>
                    <p class="youhave">You might try the <a href="/enrollio/help" name="helpLink">Help Page</a>, or</p>
                    <p class="youhave">Send an e-mail to <a href="mailto:nathan.neff@gmail.com" >nathan.neff@gmail.com</a> for help</p>
                </div>
            </div>
        </div>
    </div>
    </body>
</html>

========================================

#]]></system-out>

      <system-err><![CDATA[--Output from testPageNotFoundAdmin--
--Output from testPageNotFoundBob--
]]></system-err>

  </testsuite>
  <testsuite errors="0" failures="0" hostname="cooper" id="6" name="ProgramFunctionalTests" package="" tests="12" time="14.723" timestamp="2010-01-22T07:59:09">
      <properties />

      <testcase classname="ProgramFunctionalTests" name="testNewLessonForProgram" time="6.614" />

      <testcase classname="ProgramFunctionalTests" name="testGotoProgramLessonShow" time="1.559" />

      <testcase classname="ProgramFunctionalTests" name="testGotoProgramLessonsList" time="0.428" />

      <testcase classname="ProgramFunctionalTests" name="testProgramList" time="0.139" />

      <testcase classname="ProgramFunctionalTests" name="testProgramShow" time="0.199" />

      <testcase classname="ProgramFunctionalTests" name="testProgramMenu" time="0.122" />

      <testcase classname="ProgramFunctionalTests" name="testNewProgram" time="0.542" />

      <testcase classname="ProgramFunctionalTests" name="testNewProgramFailed" time="0.398" />

      <testcase classname="ProgramFunctionalTests" name="testCallList" time="2.183" />

      <testcase classname="ProgramFunctionalTests" name="testProgramEdit" time="2.046" />

      <testcase classname="ProgramFunctionalTests" name="testProgramEditCancel" time="0.242" />

      <testcase classname="ProgramFunctionalTests" name="testProgramBadEdit" time="0.242" />

      <system-out><![CDATA[--Output from testNewLessonForProgram--


>>>>>>>>>>>>>>>>>>>> Making request to /login using method GET >>>>>>>>>>>>>>>>>>>>
Initializing web request settings for http://localhost:8088/enrollio/login
Request parameters:
========================================
========================================
Request headers:
========================================
Accept-Language: en
Accept: */*
========================================
Content of web window [TopLevelWindow[name=""]] changed
<<<<<<<<<<<<<<<<<<<< Received response from GET http://localhost:8088/enrollio/login <<<<<<<<<<<<<<<<<<<<
Response was 200 'OK', headers:
========================================
Server: Apache-Coyote/1.1
Content-Type: text/html;charset=UTF-8
Content-Language: en
Content-Length: 4025
Date: Fri, 22 Jan 2010 07:59:11 GMT
========================================
Content
========================================
<!DOCTYPE html PUBLIC "-//W3C//DTD XHTML 1.1//EN"
  "http://www.w3.org/TR/xhtml11/DTD/xhtml11.dtd">
<html>
    <head>
        <title>
            Login
        </title>
        <link rel="stylesheet" type="text/css" href="/enrollio/css/redmond/jquery-ui-1.7.2.custom.css" />
        <link rel="shortcut icon" href="/enrollio/images/favicon.ico" type="image/x-icon" />
        <!--[if IE]>
        <link rel="stylesheet" type="text/css" href="css/ie-sucks.css" />
        <![endif]-->
        <link rel="stylesheet" type="text/css" href="/enrollio/css/theme.css" />
        <link rel="stylesheet" type="text/css" href="/enrollio/css/style.css" />
        <link rel="stylesheet" type="text/css" href="/enrollio/css/theme1.css" />
        
        <meta content="text/html; charset=UTF-8" http-equiv="Content-Type"/>
        <meta content="main" name="layout"/>
        <meta content="login" name="tabName"/>
        
    
        <script type="text/javascript" src="/enrollio/js/application.js"></script>

    </head>
    <body>
        <div id="container">
            <div id="header">
                
                
                
                    <h2 style="display:inline">Welcome to Enrollio!</h2>
                
                <div id="topmenu">
                    <ul>
                        <li class="enr-top-menu-item">
                            <a href="/enrollio/programs">Programs</a>
                        </li>
                        <li class="enr-top-menu-item">
                            <a href="/enrollio/classSessions" class="enr-top-menu-item">Class Sessions</a>
                        </li>
                        <li class="enr-top-menu-item">
                            <a href="/enrollio/contacts">Contacts</a>
                        </li>
                        <li class="enr-top-menu-item">
                            <a href="/enrollio/students" class="enr-top-menu-item">Students</a>
                        </li>
                        
                        <li class="enr-top-menu-item">
                            <a href="/enrollio/help" class="enr-top-menu-item">Help</a>
                        </li>
                        
                            <li class="logintab current">
                                <a href="/enrollio/login">Login</a>
                            </li>
                        
                        
                    </ul>
                </div>
            </div>
            
        <div id="wrapper">
            <div id="content">
                
                <div class="rightnow">
                        <h3 class="reallynow"><span>Log In</span><br /></h3>
                        <div class="youhave">
                    <form action="/enrollio/signin" method="post" class="loginForm" name="loginForm" id="loginForm" >
                        <input type="hidden" name="targetUri" value="" />
                            <div>
                                <label for="username">Username:</label>
                                <input type="text" name="username"
                                value="" />
                            </div>
                            <div>
                                <label for="password">Password:</label>
                                <input type="password" name="password"
                                value="" />
                            </div>
                            <div>
                                <label for="rememberMe">Remember me?:</label>
                                <input type="hidden" name="_rememberMe" /><input type="checkbox" name="rememberMe" id="rememberMe"  />
                            </div>
                            <div>
                                <input id="login" type="submit" value="Sign in" />
                            </div>
                    </form>
                        </div>
                </div>
            </div>
            
        </div>
    
        </div>
    </body>
</html>

========================================

#Setting value to [bob] on field [name:username id:] of form [loginForm]
Changed attribute value to  on tag [input] (id: null / name: DomAttr[name=name value=username])
Setting value to [bobbobbob0] on field [name:password id:] of form [loginForm]
Changed attribute value to  on tag [input] (id: null / name: DomAttr[name=name value=password])
Clicked [login] which resolved to a [class com.gargoylesoftware.htmlunit.html.HtmlSubmitInput]
Content of web window [TopLevelWindow[name=""]] changed
<<<<<<<<<<<<<<<<<<<< Received response from POST http://localhost:8088/enrollio/signin <<<<<<<<<<<<<<<<<<<<
Response was a redirect to http://localhost:8088/enrollio/ <<<<<<<<<<<<<<<<<<<<
Response was 302 'Moved Temporarily', headers:
========================================
Server: Apache-Coyote/1.1
Set-Cookie: JSESSIONID=4D8CE67F95BAC4E5FA5AB2283042AE8A; Path=/enrollio
Location: http://localhost:8088/enrollio/
Content-Length: 0
Date: Fri, 22 Jan 2010 07:59:11 GMT
========================================
Content
========================================

========================================

#Following redirect to http://localhost:8088/enrollio/


>>>>>>>>>>>>>>>>>>>> Making request to http://localhost:8088/enrollio/ using method GET >>>>>>>>>>>>>>>>>>>>
Initializing web request settings for http://localhost:8088/enrollio/
Request parameters:
========================================
========================================
Request headers:
========================================
Accept-Language: en
Accept: */*
========================================
Content of web window [TopLevelWindow[name=""]] changed
<<<<<<<<<<<<<<<<<<<< Received response from GET http://localhost:8088/enrollio/ <<<<<<<<<<<<<<<<<<<<
Response was 200 'OK', headers:
========================================
Server: Apache-Coyote/1.1
Content-Type: text/html;charset=UTF-8
Content-Language: en
Content-Length: 4592
Date: Fri, 22 Jan 2010 07:59:12 GMT
========================================
Content
========================================
<!DOCTYPE html PUBLIC "-//W3C//DTD XHTML 1.1//EN"
  "http://www.w3.org/TR/xhtml11/DTD/xhtml11.dtd">
<html>
    <head>
        <title>
            Help - About
        </title>
        <link rel="stylesheet" type="text/css" href="/enrollio/css/redmond/jquery-ui-1.7.2.custom.css" />
        <link rel="shortcut icon" href="/enrollio/images/favicon.ico" type="image/x-icon" />
        <!--[if IE]>
        <link rel="stylesheet" type="text/css" href="css/ie-sucks.css" />
        <![endif]-->
        <link rel="stylesheet" type="text/css" href="/enrollio/css/theme.css" />
        <link rel="stylesheet" type="text/css" href="/enrollio/css/style.css" />
        <link rel="stylesheet" type="text/css" href="/enrollio/css/theme1.css" />
        
        <meta content="text/html; charset=UTF-8" http-equiv="Content-Type"/>
        <meta content="main" name="layout"/>
        <meta content="help" name="tabName"/>
        
    
        <script type="text/javascript" src="/enrollio/js/application.js"></script>

    </head>
    <body>
        <div id="container">
            <div id="header">
                
                
                    <h2 style="display:inline">Welcome to Enrollio, 
                    bob!</h2>
                
                
                <div id="topmenu">
                    <ul>
                        <li class="enr-top-menu-item">
                            <a href="/enrollio/programs">Programs</a>
                        </li>
                        <li class="enr-top-menu-item">
                            <a href="/enrollio/classSessions" class="enr-top-menu-item">Class Sessions</a>
                        </li>
                        <li class="enr-top-menu-item">
                            <a href="/enrollio/contacts">Contacts</a>
                        </li>
                        <li class="enr-top-menu-item">
                            <a href="/enrollio/students" class="enr-top-menu-item">Students</a>
                        </li>
                        
                        <li class="current">
                            <a href="/enrollio/help" class="enr-top-menu-item">Help</a>
                        </li>
                        
                        
                            <li class="logintab">
                                <a href="/enrollio/logout">Logout</a>
                            </li>
                        
                    </ul>
                </div>
            </div>
            
        <div id="wrapper">
            <div id="content">
                <div class="rightnow">
                    <h3 class="reallynow">What is Enrollio?</h3>
                    <p>Enrollio is an open-source application that tracks enrollment
                    and attendance for small-to-medium size classes.  Ideal for groups of up to 20 students or participants.</p>
                    <h3 class="reallynow">Features</h3>
                    <ul class="helplist">
                        <li>Maintain a list of people interested in your classes</li>
                        <li>Enroll new students according to signup date</li>
                        <li>Print welcome letters for new students</li>
                        <li>Track attendance and print graduation certificates</li>
                    </ul>
                    <h3 class="reallynow">Who would use Enrollio?</h3>
                    <p>Consider using Enrollio in the following scenarios:</p>
                    <ul class="helplist">
                        <li>Teaching a 6-week training course</li>
                        <li>Administrating summer classes</li>
                        <li>Tracking enrollment/completion of safety training</li>
                        <li>Tracking meeting attendance</li>
                    </ul>
                    <h3 class="reallynow">How can I try Enrollio?</h3>
                    <p>Send an e-mail to <a href="mailto:nathan.neff@gmail.com" >nathan.neff@gmail.com</a> for a login name/password</p>
                    <h3 class="reallynow">Thanks</h3>
                    <p>I would like to thank&nbsp;<a href="/enrollio/thanks">a bunch of people</a> for helping me.</p>
                </div>
            </div>
        </div>
        <div id="sidebar">
            <ul>
    <li>
        <h3>
            <a href="/enrollio/help" class="help">Help</a>
        </h3>
        <ul>
            <li>
                <a href="/enrollio/thanks" class="grin">Credits</a>
            </li>
        </ul>
    </li>
</ul>

        </div>
    
        </div>
    </body>
</html>

========================================

#Clicked [Programs] which resolved to a [class com.gargoylesoftware.htmlunit.html.HtmlAnchor]
Content of web window [TopLevelWindow[name=""]] changed
<<<<<<<<<<<<<<<<<<<< Received response from GET http://localhost:8088/enrollio/programs <<<<<<<<<<<<<<<<<<<<
Response was 200 'OK', headers:
========================================
Server: Apache-Coyote/1.1
Content-Type: text/html;charset=UTF-8
Content-Language: en
Content-Length: 6250
Date: Fri, 22 Jan 2010 07:59:12 GMT
========================================
Content
========================================
<!DOCTYPE html PUBLIC "-//W3C//DTD XHTML 1.1//EN"
  "http://www.w3.org/TR/xhtml11/DTD/xhtml11.dtd">
<html>
    <head>
        <title>
            Programs
        </title>
        <link rel="stylesheet" type="text/css" href="/enrollio/css/redmond/jquery-ui-1.7.2.custom.css" />
        <link rel="shortcut icon" href="/enrollio/images/favicon.ico" type="image/x-icon" />
        <!--[if IE]>
        <link rel="stylesheet" type="text/css" href="css/ie-sucks.css" />
        <![endif]-->
        <link rel="stylesheet" type="text/css" href="/enrollio/css/theme.css" />
        <link rel="stylesheet" type="text/css" href="/enrollio/css/style.css" />
        <link rel="stylesheet" type="text/css" href="/enrollio/css/theme1.css" />
        
        <meta content="text/html; charset=UTF-8" http-equiv="Content-Type"/>
        <meta content="main" name="layout"/>
        <meta content="program" name="tabName"/>
        
    
        <script type="text/javascript" src="/enrollio/js/application.js"></script>

    </head>
    <body>
        <div id="container">
            <div id="header">
                
                
                    <h2 style="display:inline">Welcome to Enrollio, 
                    bob!</h2>
                
                
                <div id="topmenu">
                    <ul>
                        <li class="current">
                            <a href="/enrollio/programs">Programs</a>
                        </li>
                        <li class="enr-top-menu-item">
                            <a href="/enrollio/classSessions" class="enr-top-menu-item">Class Sessions</a>
                        </li>
                        <li class="enr-top-menu-item">
                            <a href="/enrollio/contacts">Contacts</a>
                        </li>
                        <li class="enr-top-menu-item">
                            <a href="/enrollio/students" class="enr-top-menu-item">Students</a>
                        </li>
                        
                        <li class="enr-top-menu-item">
                            <a href="/enrollio/help" class="enr-top-menu-item">Help</a>
                        </li>
                        
                        
                            <li class="logintab">
                                <a href="/enrollio/logout">Logout</a>
                            </li>
                        
                    </ul>
                </div>
            </div>
            
        <div id="wrapper">
            <div id="content">
                <div class="rightnow">
                    <h3 class="reallynow">
                            <span>Programs</span>
                        <br />
                        </h3>
                        <table>
                            <thead></thead>
                            <tbody>
                                
                                    <tr class="odd">
                                        <td>
                                            <a href="/enrollio/program/1" name="programLink1">
                                            Children's EAC</a>
                                        </td>
                                        <td>Byteworks Children's Earn-A-Computer Program</td>
                                    </tr>
                                
                                    <tr class="even">
                                        <td>
                                            <a href="/enrollio/program/2" name="programLink2">
                                            Adult EAC</a>
                                        </td>
                                        <td>Byteworks Adult Earn-A-Computer Program</td>
                                    </tr>
                                
                                    <tr class="odd">
                                        <td>
                                            <a href="/enrollio/program/3" name="programLink3">
                                            Mentorship Program</a>
                                        </td>
                                        <td>Byteworks Mentorship Program</td>
                                    </tr>
                                
                                    <tr class="even">
                                        <td>
                                            <a href="/enrollio/program/11" name="programLink11">
                                            Children's EAC</a>
                                        </td>
                                        <td>Byteworks Children's Earn-A-Computer Program</td>
                                    </tr>
                                
                                    <tr class="odd">
                                        <td>
                                            <a href="/enrollio/program/12" name="programLink12">
                                            Adult EAC</a>
                                        </td>
                                        <td>Byteworks Adult Earn-A-Computer Program</td>
                                    </tr>
                                
                                    <tr class="even">
                                        <td>
                                            <a href="/enrollio/program/13" name="programLink13">
                                            Mentorship Program</a>
                                        </td>
                                        <td>Byteworks Mentorship Program</td>
                                    </tr>
                                
                            </tbody>
                        </table>
                </div>
            </div>
            <div id="sidebar">
                <ul name="programMenu">
    <li>
        <h3>
            <a href="/enrollio/contact" class="modules">Programs</a>
        </h3>
        <ul>
            <li>
                <a href="/enrollio/createProgram" class="module_add" id="newProgramLink">&nbsp;New</a>
            </li>
            
        </ul>
    </li>
    
</ul>


            </div>
        </div>
    
        </div>
    </body>
</html>

========================================

#Clicked [Adult EAC] which resolved to a [class com.gargoylesoftware.htmlunit.html.HtmlAnchor]
Content of web window [TopLevelWindow[name=""]] changed
<<<<<<<<<<<<<<<<<<<< Received response from GET http://localhost:8088/enrollio/program/2 <<<<<<<<<<<<<<<<<<<<
Response was 200 'OK', headers:
========================================
Server: Apache-Coyote/1.1
Content-Type: text/html;charset=UTF-8
Content-Language: en
Content-Length: 7887
Date: Fri, 22 Jan 2010 07:59:13 GMT
========================================
Content
========================================
<!DOCTYPE html PUBLIC "-//W3C//DTD XHTML 1.1//EN"
  "http://www.w3.org/TR/xhtml11/DTD/xhtml11.dtd">
<html>
    <head>
        <title>
            Program: Adult EAC 
        </title>
        <link rel="stylesheet" type="text/css" href="/enrollio/css/redmond/jquery-ui-1.7.2.custom.css" />
        <link rel="shortcut icon" href="/enrollio/images/favicon.ico" type="image/x-icon" />
        <!--[if IE]>
        <link rel="stylesheet" type="text/css" href="css/ie-sucks.css" />
        <![endif]-->
        <link rel="stylesheet" type="text/css" href="/enrollio/css/theme.css" />
        <link rel="stylesheet" type="text/css" href="/enrollio/css/style.css" />
        <link rel="stylesheet" type="text/css" href="/enrollio/css/theme1.css" />
        
        <meta content="text/html; charset=UTF-8" http-equiv="Content-Type"/>
        <meta content="main" name="layout"/>
        <meta content="program" name="tabName"/>
        
    
        <script type="text/javascript" src="/enrollio/js/application.js"></script>

    </head>
    <body>
        <div id="container">
            <div id="header">
                
                
                    <h2 style="display:inline">Welcome to Enrollio, 
                    bob!</h2>
                
                
                <div id="topmenu">
                    <ul>
                        <li class="current">
                            <a href="/enrollio/programs">Programs</a>
                        </li>
                        <li class="enr-top-menu-item">
                            <a href="/enrollio/classSessions" class="enr-top-menu-item">Class Sessions</a>
                        </li>
                        <li class="enr-top-menu-item">
                            <a href="/enrollio/contacts">Contacts</a>
                        </li>
                        <li class="enr-top-menu-item">
                            <a href="/enrollio/students" class="enr-top-menu-item">Students</a>
                        </li>
                        
                        <li class="enr-top-menu-item">
                            <a href="/enrollio/help" class="enr-top-menu-item">Help</a>
                        </li>
                        
                        
                            <li class="logintab">
                                <a href="/enrollio/logout">Logout</a>
                            </li>
                        
                    </ul>
                </div>
            </div>
            
        <div id="wrapper">
            <div id="content">
                <div class="rightnow">
                    <h3 class="reallynow">
                        <span>Adult EAC</span>
                    
                        <br />
                    </h3>
                    <p class="youhave">Byteworks Adult Earn-A-Computer Program</p>
                </div>
                <div class="infowrap">
                    <div class="infobox">
                        <h3 class="reallynow">
                            <a href="/enrollio/programLessons/2" class="headerLink book_open">
                            Lessons</a>
                            <!-- For some reason, these links get added out of order (add->edit) -->
                                <a href="/enrollio/createLesson?program.id=2" class="book_next" name="newLessonLink">New Lesson</a>
                                        <br />
                            </h3>
                        <table>
                            <tbody>
                                
                            </tbody>
                        </table>
                    </div>
                    <div class="infobox margin-left">
                            <h3 class="reallynow">Sessions<a href="/enrollio/createClassSession?program.id=2" class="calendar_add">New Session</a></h3>
                        <table>
                            <tbody>
                                
                                    <tr>
                                        <td>
                                            <a href="/enrollio/classSession/2">
                                            Adult EAC Session</a>
                                        </td>
                                        <td>June 22, 2010</td>
                                    </tr>
                                
                                    <tr>
                                        <td>
                                            <a href="/enrollio/classSession/5">
                                            Adult EAC Session</a>
                                        </td>
                                        <td>June 22, 2010</td>
                                    </tr>
                                
                            </tbody>
                        </table>
                    </div>
                    <div class="infobox margin-left">
                        <h3>Interested Students</h3>
                        <table>
                            <tbody>
                                
                                    <tr>
                                        <td>
                                            2010-01-22 01:59:08.534
                                        </td>
                                        <td>
                                            Jim Lahey, Park Supervisor
                                        </td>
                                    </tr>
                                
                                    <tr>
                                        <td>
                                            2010-01-22 01:59:03.117
                                        </td>
                                        <td>
                                            Jim Lahey, Park Supervisor
                                        </td>
                                    </tr>
                                
                            </tbody>
                        </table>
                    </div>
                </div>
            </div>
            <div id="sidebar">
                <ul>
    <li>
        <h3>
            <a href="/enrollio/program/2" class="module">Adult EAC
            </a>
        </h3>
        <ul>
            <li>
                <a href="/enrollio/editProgram/2" class="module_edit" name="editProgramLink">Edit</a>
            </li>
            <li>
                <script type="text/javascript">function submit_callList(link) {
                link.parentNode._format.value = link.title; link.parentNode.submit();
                return false; }</script>
                <form action="/enrollio/program/callList" method="post" name="callList" id="callList" >
                    <input type="hidden" name="_format" value="PDF" />
                    <!-- Name shown on top of PDF report -->
                    <input type="hidden" name="_name" value="Call List" />
                    <input type="hidden" name="_file" value="callList" />
                    <input type="hidden" name="id" value="2" />
                    <!-- TODO The &nbsp; is a kludge find CSS way to justify image
                            and text so it looks o.k. -->
                    <a href="#" name="callListLink" class="telephone" title="PDF"
                    onClick="return submit_callList(this)">&#160;Call List</a>
                </form>
            </li>
        </ul>
    </li>
    <li>
        <h3>
            <a href="/enrollio/programLessons/2" class="book_open">Lessons</a>
        </h3>
        <ul>
            
            <li>
                <a href="/enrollio/createLesson?program.id=2" class="book_next" name="newLessonLink">New Lesson</a>
            </li>
            
        </ul>
    </li>
</ul>

            </div>
        </div>
    
        </div>
    </body>
</html>

========================================

#Content of web window [TopLevelWindow[name=""]] changed
<<<<<<<<<<<<<<<<<<<< Received response from GET http://localhost:8088/enrollio/createLesson?program.id=2 <<<<<<<<<<<<<<<<<<<<
Response was 200 'OK', headers:
========================================
Server: Apache-Coyote/1.1
Content-Type: text/html;charset=UTF-8
Content-Language: en
Content-Length: 5203
Date: Fri, 22 Jan 2010 07:59:13 GMT
========================================
Content
========================================
<!DOCTYPE html PUBLIC "-//W3C//DTD XHTML 1.1//EN"
  "http://www.w3.org/TR/xhtml11/DTD/xhtml11.dtd">
<html>
    <head>
        <title>
            Create Lesson:
        </title>
        <link rel="stylesheet" type="text/css" href="/enrollio/css/redmond/jquery-ui-1.7.2.custom.css" />
        <link rel="shortcut icon" href="/enrollio/images/favicon.ico" type="image/x-icon" />
        <!--[if IE]>
        <link rel="stylesheet" type="text/css" href="css/ie-sucks.css" />
        <![endif]-->
        <link rel="stylesheet" type="text/css" href="/enrollio/css/theme.css" />
        <link rel="stylesheet" type="text/css" href="/enrollio/css/style.css" />
        <link rel="stylesheet" type="text/css" href="/enrollio/css/theme1.css" />
        
        <meta content="text/html; charset=UTF-8" http-equiv="Content-Type"/>
        <meta content="main" name="layout"/>
        <meta content="program" name="tabName"/>
        <script type="text/javascript" src="js/jquery-1.3.2.min.js"></script>
        <script type="text/javascript" src="/enrollio/js/jquery-ui-1.7.2.custom.min.js"></script>
	<script type="text/javascript" src="/enrollio/js/lessonSort.js"></script>
	<script type="text/javascript" src="/enrollio/js/lessonCreate.js"></script>
                 
    
        <script type="text/javascript" src="/enrollio/js/application.js"></script>

    </head>
    <body>
        <div id="container">
            <div id="header">
                
                
                    <h2 style="display:inline">Welcome to Enrollio, 
                    bob!</h2>
                
                
                <div id="topmenu">
                    <ul>
                        <li class="current">
                            <a href="/enrollio/programs">Programs</a>
                        </li>
                        <li class="enr-top-menu-item">
                            <a href="/enrollio/classSessions" class="enr-top-menu-item">Class Sessions</a>
                        </li>
                        <li class="enr-top-menu-item">
                            <a href="/enrollio/contacts">Contacts</a>
                        </li>
                        <li class="enr-top-menu-item">
                            <a href="/enrollio/students" class="enr-top-menu-item">Students</a>
                        </li>
                        
                        <li class="enr-top-menu-item">
                            <a href="/enrollio/help" class="enr-top-menu-item">Help</a>
                        </li>
                        
                        
                            <li class="logintab">
                                <a href="/enrollio/logout">Logout</a>
                            </li>
                        
                    </ul>
                </div>
            </div>
            
         <div id="wrapper">
            <div id="content">
                <form action="/enrollio/saveLesson" method="post" name="newLessonForm" id="newLessonForm" >
                <div class="box">
                <h3>Create Lesson</h3>
                
                    <label for="name">Name : </label> 
                    <input name="id" id="id" type="hidden" value="" />
                    <input type="text" id="name" name="name" value=""/><br />
                    
                    <label for="program">Program:</label>
                    <select name="program.id" id="program.id" >
<option value="1" >Children's EAC</option>
<option value="2" selected="selected" >Adult EAC</option>
<option value="3" >Mentorship Program</option>
<option value="11" >Children's EAC</option>
<option value="12" >Adult EAC</option>
<option value="13" >Mentorship Program</option>
</select><br />
                    <input type="hidden" id="sequence" class="value " name="sequence" value="100" /><br />
                    <label for="description">Description:</label>
                        <textarea cols="40" name="description" rows="5" id="description" ></textarea>
                        <br />
                </div>
                <div class="box">
                    <div class="box">
    <h3>Adult EAC : Sort Lessons</h3>
    <ul id="sortable">
        
        <!-- Create another list item <li> for new Lesson, if we're creating a 
        new Lesson -->
        
            <li class="ui-state-default">
            <span class="ui-icon ui-icon-arrowthick-2-n-s"></span>
            <div id="newLessonNameInSequence">New Lesson Name</div>
                    <input class="sequenceReadOnly" readonly="true" type="hidden"
                            name="lessonId_NEW_KID_ON_THE_BLOCK"
                            value="100" ></input>
            </li>
        
    </ul>
</div>

                </div>

                    <label for="saveButton"></label>
                    <input type="submit" class="save" name="saveButton" value="Save" id="saveButton" />
                        or&nbsp;
                        
                        <a href="/enrollio/program/2" class="cancelLink" name="cancelLink">Cancel</a>
                        
            </form>
        </div>
    </div>
    
        </div>
    </body>
</html>

========================================

#Added attribute style with value padding-left: 1px; to tag [div] (id: null / name: null)
Changed attribute style to padding-left: 1px; on tag [div] (id: null / name: null)
Added DOM node [[div] with value [null] and id [null], name [null]] to parent [[body] with value [null] and id [null], name [null]]
Removed DOM node [[div] with value [null] and id [null], name [null]] from parent [[body] with value [null] and id [null], name [null]]
Changed attribute style to padding-left: 1px; width: 1px; on tag [div] (id: null / name: null)
Added attribute class with value ui-sortable to tag [ul] (id: DomAttr[name=id value=sortable] / name: null)
Added attribute unselectable with value on to tag [ul] (id: DomAttr[name=id value=sortable] / name: null)
Changed attribute unselectable to on on tag [ul] (id: DomAttr[name=id value=sortable] / name: null)
Content of web window [TopLevelWindow[name=""]] changed
<<<<<<<<<<<<<<<<<<<< Received response from GET http://localhost:8088/enrollio/createLesson?program.id=2 <<<<<<<<<<<<<<<<<<<<
Response was 200 'OK', headers:
========================================
Server: Apache-Coyote/1.1
Content-Type: text/html;charset=UTF-8
Content-Language: en
Content-Length: 5203
Date: Fri, 22 Jan 2010 07:59:15 GMT
========================================
Content
========================================
<!DOCTYPE html PUBLIC "-//W3C//DTD XHTML 1.1//EN"
  "http://www.w3.org/TR/xhtml11/DTD/xhtml11.dtd">
<html>
    <head>
        <title>
            Create Lesson:
        </title>
        <link rel="stylesheet" type="text/css" href="/enrollio/css/redmond/jquery-ui-1.7.2.custom.css" />
        <link rel="shortcut icon" href="/enrollio/images/favicon.ico" type="image/x-icon" />
        <!--[if IE]>
        <link rel="stylesheet" type="text/css" href="css/ie-sucks.css" />
        <![endif]-->
        <link rel="stylesheet" type="text/css" href="/enrollio/css/theme.css" />
        <link rel="stylesheet" type="text/css" href="/enrollio/css/style.css" />
        <link rel="stylesheet" type="text/css" href="/enrollio/css/theme1.css" />
        
        <meta content="text/html; charset=UTF-8" http-equiv="Content-Type"/>
        <meta content="main" name="layout"/>
        <meta content="program" name="tabName"/>
        <script type="text/javascript" src="js/jquery-1.3.2.min.js"></script>
        <script type="text/javascript" src="/enrollio/js/jquery-ui-1.7.2.custom.min.js"></script>
	<script type="text/javascript" src="/enrollio/js/lessonSort.js"></script>
	<script type="text/javascript" src="/enrollio/js/lessonCreate.js"></script>
                 
    
        <script type="text/javascript" src="/enrollio/js/application.js"></script>

    </head>
    <body>
        <div id="container">
            <div id="header">
                
                
                    <h2 style="display:inline">Welcome to Enrollio, 
                    bob!</h2>
                
                
                <div id="topmenu">
                    <ul>
                        <li class="current">
                            <a href="/enrollio/programs">Programs</a>
                        </li>
                        <li class="enr-top-menu-item">
                            <a href="/enrollio/classSessions" class="enr-top-menu-item">Class Sessions</a>
                        </li>
                        <li class="enr-top-menu-item">
                            <a href="/enrollio/contacts">Contacts</a>
                        </li>
                        <li class="enr-top-menu-item">
                            <a href="/enrollio/students" class="enr-top-menu-item">Students</a>
                        </li>
                        
                        <li class="enr-top-menu-item">
                            <a href="/enrollio/help" class="enr-top-menu-item">Help</a>
                        </li>
                        
                        
                            <li class="logintab">
                                <a href="/enrollio/logout">Logout</a>
                            </li>
                        
                    </ul>
                </div>
            </div>
            
         <div id="wrapper">
            <div id="content">
                <form action="/enrollio/saveLesson" method="post" name="newLessonForm" id="newLessonForm" >
                <div class="box">
                <h3>Create Lesson</h3>
                
                    <label for="name">Name : </label> 
                    <input name="id" id="id" type="hidden" value="" />
                    <input type="text" id="name" name="name" value=""/><br />
                    
                    <label for="program">Program:</label>
                    <select name="program.id" id="program.id" >
<option value="1" >Children's EAC</option>
<option value="2" selected="selected" >Adult EAC</option>
<option value="3" >Mentorship Program</option>
<option value="11" >Children's EAC</option>
<option value="12" >Adult EAC</option>
<option value="13" >Mentorship Program</option>
</select><br />
                    <input type="hidden" id="sequence" class="value " name="sequence" value="100" /><br />
                    <label for="description">Description:</label>
                        <textarea cols="40" name="description" rows="5" id="description" ></textarea>
                        <br />
                </div>
                <div class="box">
                    <div class="box">
    <h3>Adult EAC : Sort Lessons</h3>
    <ul id="sortable">
        
        <!-- Create another list item <li> for new Lesson, if we're creating a 
        new Lesson -->
        
            <li class="ui-state-default">
            <span class="ui-icon ui-icon-arrowthick-2-n-s"></span>
            <div id="newLessonNameInSequence">New Lesson Name</div>
                    <input class="sequenceReadOnly" readonly="true" type="hidden"
                            name="lessonId_NEW_KID_ON_THE_BLOCK"
                            value="100" ></input>
            </li>
        
    </ul>
</div>

                </div>

                    <label for="saveButton"></label>
                    <input type="submit" class="save" name="saveButton" value="Save" id="saveButton" />
                        or&nbsp;
                        
                        <a href="/enrollio/program/2" class="cancelLink" name="cancelLink">Cancel</a>
                        
            </form>
        </div>
    </div>
    
        </div>
    </body>
</html>

========================================

#Added attribute style with value padding-left: 1px; to tag [div] (id: null / name: null)
Changed attribute style to padding-left: 1px; on tag [div] (id: null / name: null)
Added DOM node [[div] with value [null] and id [null], name [null]] to parent [[body] with value [null] and id [null], name [null]]
Removed DOM node [[div] with value [null] and id [null], name [null]] from parent [[body] with value [null] and id [null], name [null]]
Changed attribute style to padding-left: 1px; width: 1px; on tag [div] (id: null / name: null)
Added attribute class with value ui-sortable to tag [ul] (id: DomAttr[name=id value=sortable] / name: null)
Added attribute unselectable with value on to tag [ul] (id: DomAttr[name=id value=sortable] / name: null)
Changed attribute unselectable to on on tag [ul] (id: DomAttr[name=id value=sortable] / name: null)
--Output from testGotoProgramLessonShow--


>>>>>>>>>>>>>>>>>>>> Making request to /login using method GET >>>>>>>>>>>>>>>>>>>>
Initializing web request settings for http://localhost:8088/enrollio/login
Request parameters:
========================================
========================================
Request headers:
========================================
Accept-Language: en
Accept: */*
========================================
Content of web window [TopLevelWindow[name=""]] changed
<<<<<<<<<<<<<<<<<<<< Received response from GET http://localhost:8088/enrollio/login <<<<<<<<<<<<<<<<<<<<
Response was 200 'OK', headers:
========================================
Server: Apache-Coyote/1.1
Content-Type: text/html;charset=UTF-8
Content-Language: en
Content-Length: 4025
Date: Fri, 22 Jan 2010 07:59:15 GMT
========================================
Content
========================================
<!DOCTYPE html PUBLIC "-//W3C//DTD XHTML 1.1//EN"
  "http://www.w3.org/TR/xhtml11/DTD/xhtml11.dtd">
<html>
    <head>
        <title>
            Login
        </title>
        <link rel="stylesheet" type="text/css" href="/enrollio/css/redmond/jquery-ui-1.7.2.custom.css" />
        <link rel="shortcut icon" href="/enrollio/images/favicon.ico" type="image/x-icon" />
        <!--[if IE]>
        <link rel="stylesheet" type="text/css" href="css/ie-sucks.css" />
        <![endif]-->
        <link rel="stylesheet" type="text/css" href="/enrollio/css/theme.css" />
        <link rel="stylesheet" type="text/css" href="/enrollio/css/style.css" />
        <link rel="stylesheet" type="text/css" href="/enrollio/css/theme1.css" />
        
        <meta content="text/html; charset=UTF-8" http-equiv="Content-Type"/>
        <meta content="main" name="layout"/>
        <meta content="login" name="tabName"/>
        
    
        <script type="text/javascript" src="/enrollio/js/application.js"></script>

    </head>
    <body>
        <div id="container">
            <div id="header">
                
                
                
                    <h2 style="display:inline">Welcome to Enrollio!</h2>
                
                <div id="topmenu">
                    <ul>
                        <li class="enr-top-menu-item">
                            <a href="/enrollio/programs">Programs</a>
                        </li>
                        <li class="enr-top-menu-item">
                            <a href="/enrollio/classSessions" class="enr-top-menu-item">Class Sessions</a>
                        </li>
                        <li class="enr-top-menu-item">
                            <a href="/enrollio/contacts">Contacts</a>
                        </li>
                        <li class="enr-top-menu-item">
                            <a href="/enrollio/students" class="enr-top-menu-item">Students</a>
                        </li>
                        
                        <li class="enr-top-menu-item">
                            <a href="/enrollio/help" class="enr-top-menu-item">Help</a>
                        </li>
                        
                            <li class="logintab current">
                                <a href="/enrollio/login">Login</a>
                            </li>
                        
                        
                    </ul>
                </div>
            </div>
            
        <div id="wrapper">
            <div id="content">
                
                <div class="rightnow">
                        <h3 class="reallynow"><span>Log In</span><br /></h3>
                        <div class="youhave">
                    <form action="/enrollio/signin" method="post" class="loginForm" name="loginForm" id="loginForm" >
                        <input type="hidden" name="targetUri" value="" />
                            <div>
                                <label for="username">Username:</label>
                                <input type="text" name="username"
                                value="" />
                            </div>
                            <div>
                                <label for="password">Password:</label>
                                <input type="password" name="password"
                                value="" />
                            </div>
                            <div>
                                <label for="rememberMe">Remember me?:</label>
                                <input type="hidden" name="_rememberMe" /><input type="checkbox" name="rememberMe" id="rememberMe"  />
                            </div>
                            <div>
                                <input id="login" type="submit" value="Sign in" />
                            </div>
                    </form>
                        </div>
                </div>
            </div>
            
        </div>
    
        </div>
    </body>
</html>

========================================

#Setting value to [bob] on field [name:username id:] of form [loginForm]
Changed attribute value to  on tag [input] (id: null / name: DomAttr[name=name value=username])
Setting value to [bobbobbob0] on field [name:password id:] of form [loginForm]
Changed attribute value to  on tag [input] (id: null / name: DomAttr[name=name value=password])
Clicked [login] which resolved to a [class com.gargoylesoftware.htmlunit.html.HtmlSubmitInput]
Content of web window [TopLevelWindow[name=""]] changed
<<<<<<<<<<<<<<<<<<<< Received response from POST http://localhost:8088/enrollio/signin <<<<<<<<<<<<<<<<<<<<
Response was a redirect to http://localhost:8088/enrollio/ <<<<<<<<<<<<<<<<<<<<
Response was 302 'Moved Temporarily', headers:
========================================
Server: Apache-Coyote/1.1
Set-Cookie: JSESSIONID=F959A995B3B632F367C143DF9B624148; Path=/enrollio
Location: http://localhost:8088/enrollio/
Content-Length: 0
Date: Fri, 22 Jan 2010 07:59:15 GMT
========================================
Content
========================================

========================================

#Following redirect to http://localhost:8088/enrollio/


>>>>>>>>>>>>>>>>>>>> Making request to http://localhost:8088/enrollio/ using method GET >>>>>>>>>>>>>>>>>>>>
Initializing web request settings for http://localhost:8088/enrollio/
Request parameters:
========================================
========================================
Request headers:
========================================
Accept-Language: en
Accept: */*
========================================
Content of web window [TopLevelWindow[name=""]] changed
<<<<<<<<<<<<<<<<<<<< Received response from GET http://localhost:8088/enrollio/ <<<<<<<<<<<<<<<<<<<<
Response was 200 'OK', headers:
========================================
Server: Apache-Coyote/1.1
Content-Type: text/html;charset=UTF-8
Content-Language: en
Content-Length: 4592
Date: Fri, 22 Jan 2010 07:59:15 GMT
========================================
Content
========================================
<!DOCTYPE html PUBLIC "-//W3C//DTD XHTML 1.1//EN"
  "http://www.w3.org/TR/xhtml11/DTD/xhtml11.dtd">
<html>
    <head>
        <title>
            Help - About
        </title>
        <link rel="stylesheet" type="text/css" href="/enrollio/css/redmond/jquery-ui-1.7.2.custom.css" />
        <link rel="shortcut icon" href="/enrollio/images/favicon.ico" type="image/x-icon" />
        <!--[if IE]>
        <link rel="stylesheet" type="text/css" href="css/ie-sucks.css" />
        <![endif]-->
        <link rel="stylesheet" type="text/css" href="/enrollio/css/theme.css" />
        <link rel="stylesheet" type="text/css" href="/enrollio/css/style.css" />
        <link rel="stylesheet" type="text/css" href="/enrollio/css/theme1.css" />
        
        <meta content="text/html; charset=UTF-8" http-equiv="Content-Type"/>
        <meta content="main" name="layout"/>
        <meta content="help" name="tabName"/>
        
    
        <script type="text/javascript" src="/enrollio/js/application.js"></script>

    </head>
    <body>
        <div id="container">
            <div id="header">
                
                
                    <h2 style="display:inline">Welcome to Enrollio, 
                    bob!</h2>
                
                
                <div id="topmenu">
                    <ul>
                        <li class="enr-top-menu-item">
                            <a href="/enrollio/programs">Programs</a>
                        </li>
                        <li class="enr-top-menu-item">
                            <a href="/enrollio/classSessions" class="enr-top-menu-item">Class Sessions</a>
                        </li>
                        <li class="enr-top-menu-item">
                            <a href="/enrollio/contacts">Contacts</a>
                        </li>
                        <li class="enr-top-menu-item">
                            <a href="/enrollio/students" class="enr-top-menu-item">Students</a>
                        </li>
                        
                        <li class="current">
                            <a href="/enrollio/help" class="enr-top-menu-item">Help</a>
                        </li>
                        
                        
                            <li class="logintab">
                                <a href="/enrollio/logout">Logout</a>
                            </li>
                        
                    </ul>
                </div>
            </div>
            
        <div id="wrapper">
            <div id="content">
                <div class="rightnow">
                    <h3 class="reallynow">What is Enrollio?</h3>
                    <p>Enrollio is an open-source application that tracks enrollment
                    and attendance for small-to-medium size classes.  Ideal for groups of up to 20 students or participants.</p>
                    <h3 class="reallynow">Features</h3>
                    <ul class="helplist">
                        <li>Maintain a list of people interested in your classes</li>
                        <li>Enroll new students according to signup date</li>
                        <li>Print welcome letters for new students</li>
                        <li>Track attendance and print graduation certificates</li>
                    </ul>
                    <h3 class="reallynow">Who would use Enrollio?</h3>
                    <p>Consider using Enrollio in the following scenarios:</p>
                    <ul class="helplist">
                        <li>Teaching a 6-week training course</li>
                        <li>Administrating summer classes</li>
                        <li>Tracking enrollment/completion of safety training</li>
                        <li>Tracking meeting attendance</li>
                    </ul>
                    <h3 class="reallynow">How can I try Enrollio?</h3>
                    <p>Send an e-mail to <a href="mailto:nathan.neff@gmail.com" >nathan.neff@gmail.com</a> for a login name/password</p>
                    <h3 class="reallynow">Thanks</h3>
                    <p>I would like to thank&nbsp;<a href="/enrollio/thanks">a bunch of people</a> for helping me.</p>
                </div>
            </div>
        </div>
        <div id="sidebar">
            <ul>
    <li>
        <h3>
            <a href="/enrollio/help" class="help">Help</a>
        </h3>
        <ul>
            <li>
                <a href="/enrollio/thanks" class="grin">Credits</a>
            </li>
        </ul>
    </li>
</ul>

        </div>
    
        </div>
    </body>
</html>

========================================

#Clicked [Programs] which resolved to a [class com.gargoylesoftware.htmlunit.html.HtmlAnchor]
Content of web window [TopLevelWindow[name=""]] changed
<<<<<<<<<<<<<<<<<<<< Received response from GET http://localhost:8088/enrollio/programs <<<<<<<<<<<<<<<<<<<<
Response was 200 'OK', headers:
========================================
Server: Apache-Coyote/1.1
Content-Type: text/html;charset=UTF-8
Content-Language: en
Content-Length: 6250
Date: Fri, 22 Jan 2010 07:59:15 GMT
========================================
Content
========================================
<!DOCTYPE html PUBLIC "-//W3C//DTD XHTML 1.1//EN"
  "http://www.w3.org/TR/xhtml11/DTD/xhtml11.dtd">
<html>
    <head>
        <title>
            Programs
        </title>
        <link rel="stylesheet" type="text/css" href="/enrollio/css/redmond/jquery-ui-1.7.2.custom.css" />
        <link rel="shortcut icon" href="/enrollio/images/favicon.ico" type="image/x-icon" />
        <!--[if IE]>
        <link rel="stylesheet" type="text/css" href="css/ie-sucks.css" />
        <![endif]-->
[...]

      <testcase classname="org.bworks.bworksdb.UrlMappingsTests" name="testLessonMappings" time="0.022" />

      <system-out><![CDATA[--Output from testDefaultMapping--
--Output from testHelpMappings--
--Output from testContactMappings--
--Output from testProgramMappings--
--Output from testStudentMappings--
--Output from testClassSessionMappings--
--Output from testLessonMappings--
]]></system-out>

      <system-err><![CDATA[--Output from testDefaultMapping--
--Output from testHelpMappings--
--Output from testContactMappings--
--Output from testProgramMappings--
--Output from testStudentMappings--
--Output from testClassSessionMappings--
--Output from testLessonMappings--
]]></system-err>

  </testsuite>
  <testsuite errors="0" failures="0" hostname="cooper" id="16" name="AdminControllerTests" package="" tests="1" time="0.01" timestamp="2010-01-22T07:58:51">
      <properties />

      <testcase classname="AdminControllerTests" name="testSomething" time="0.01" />

      <system-out><![CDATA[--Output from testSomething--
]]></system-out>

      <system-err><![CDATA[--Output from testSomething--
]]></system-err>

  </testsuite>
  <testsuite errors="0" failures="0" hostname="cooper" id="17" name="ConfigSettingTests" package="" tests="1" time="0.0010" timestamp="2010-01-22T07:58:51">
      <properties />

      <testcase classname="ConfigSettingTests" name="testSomething" time="0.0010" />

      <system-out><![CDATA[--Output from testSomething--
]]></system-out>

      <system-err><![CDATA[--Output from testSomething--
]]></system-err>

  </testsuite>
  <testsuite errors="0" failures="0" hostname="cooper" id="18" name="EnrollioTagLibTests" package="" tests="3" time="0.043" timestamp="2010-01-22T07:58:51">
      <properties />

      <testcase classname="EnrollioTagLibTests" name="testFormatDate" time="0.037" />

      <testcase classname="EnrollioTagLibTests" name="testFormatDateSingleDigitDay" time="0.0030" />

      <testcase classname="EnrollioTagLibTests" name="testFormatDateNullDay" time="0.0030" />

      <system-out><![CDATA[--Output from testFormatDate--
--Output from testFormatDateSingleDigitDay--
--Output from testFormatDateNullDay--
]]></system-out>

      <system-err><![CDATA[--Output from testFormatDate--
--Output from testFormatDateSingleDigitDay--
--Output from testFormatDateNullDay--
]]></system-err>

  </testsuite>
  <testsuite errors="0" failures="0" hostname="cooper" id="19" name="MiscTagLibTests" package="" tests="5" time="0.058" timestamp="2010-01-22T07:58:51">
      <properties />

      <testcase classname="MiscTagLibTests" name="testIsNotCurrentTab" time="0.03" />

      <testcase classname="MiscTagLibTests" name="testIsCurrentTab" time="0.0060" />

      <testcase classname="MiscTagLibTests" name="testIsLoginTab" time="0.0060" />

      <testcase classname="MiscTagLibTests" name="testMascotIcon" time="0.0090" />

      <testcase classname="MiscTagLibTests" name="testNoMascotIcon" time="0.0060" />

      <system-out><![CDATA[--Output from testIsNotCurrentTab--
--Output from testIsCurrentTab--
--Output from testIsLoginTab--
--Output from testMascotIcon--
--Output from testNoMascotIcon--
]]></system-out>

      <system-err><![CDATA[--Output from testIsNotCurrentTab--
--Output from testIsCurrentTab--
--Output from testIsLoginTab--
--Output from testMascotIcon--
--Output from testNoMascotIcon--
]]></system-err>

  </testsuite>
  <testsuite errors="0" failures="0" hostname="cooper" id="20" name="ClassSessionServiceTests" package="org.bworks.bworkdb" tests="1" time="0.0020" timestamp="2010-01-22T07:58:51">
      <properties />

      <testcase classname="org.bworks.bworkdb.ClassSessionServiceTests" name="testSomething" time="0.0020" />

      <system-out><![CDATA[--Output from testSomething--
]]></system-out>

      <system-err><![CDATA[--Output from testSomething--
]]></system-err>

  </testsuite>
  <testsuite errors="0" failures="0" hostname="cooper" id="21" name="AnonymizerTests" package="org.bworks.bworksdb" tests="7" time="0.047" timestamp="2010-01-22T07:58:51">
      <properties />

      <testcase classname="org.bworks.bworksdb.AnonymizerTests" name="testFirstNamesExclusive" time="0.012" />

      <testcase classname="org.bworks.bworksdb.AnonymizerTests" name="testFirstNamesEachSelected" time="0.0070" />

      <testcase classname="org.bworks.bworksdb.AnonymizerTests" name="testLastNameExclusive" time="0.011" />

      <testcase classname="org.bworks.bworksdb.AnonymizerTests" name="testLastNamesEachSelected" time="0.0060" />

      <testcase classname="org.bworks.bworksdb.AnonymizerTests" name="testRandomZipCode" time="0.0060" />

      <testcase classname="org.bworks.bworksdb.AnonymizerTests" name="testZipCodeFormat" time="0.0010" />

      <testcase classname="org.bworks.bworksdb.AnonymizerTests" name="testPhoneNumberFormat" time="0.0020" />

      <system-out><![CDATA[--Output from testFirstNamesExclusive--
--Output from testFirstNamesEachSelected--
--Output from testLastNameExclusive--
--Output from testLastNamesEachSelected--
--Output from testRandomZipCode--
--Output from testZipCodeFormat--
--Output from testPhoneNumberFormat--
]]></system-out>

      <system-err><![CDATA[--Output from testFirstNamesExclusive--
--Output from testFirstNamesEachSelected--
--Output from testLastNameExclusive--
--Output from testLastNamesEachSelected--
--Output from testRandomZipCode--
--Output from testZipCodeFormat--
--Output from testPhoneNumberFormat--
]]></system-err>

  </testsuite>
  <testsuite errors="0" failures="0" hostname="cooper" id="22" name="AttendanceServiceTests" package="org.bworks.bworksdb" tests="1" time="0.0020" timestamp="2010-01-22T07:58:51">
      <properties />

      <testcase classname="org.bworks.bworksdb.AttendanceServiceTests" name="testSomething" time="0.0020" />

      <system-out><![CDATA[--Output from testSomething--
]]></system-out>

      <system-err><![CDATA[--Output from testSomething--
]]></system-err>

  </testsuite>
  <testsuite errors="0" failures="0" hostname="cooper" id="23" name="AttendanceTests" package="org.bworks.bworksdb" tests="1" time="0.0010" timestamp="2010-01-22T07:58:51">
      <properties />

      <testcase classname="org.bworks.bworksdb.AttendanceTests" name="testSomething" time="0.0010" />

      <system-out><![CDATA[--Output from testSomething--
]]></system-out>

      <system-err><![CDATA[--Output from testSomething--
]]></system-err>

  </testsuite>
  <testsuite errors="0" failures="0" hostname="cooper" id="24" name="ClassSessionTests" package="org.bworks.bworksdb" tests="1" time="0.0020" timestamp="2010-01-22T07:58:51">
      <properties />

      <testcase classname="org.bworks.bworksdb.ClassSessionTests" name="testSomething" time="0.0020" />

      <system-out><![CDATA[--Output from testSomething--
]]></system-out>

      <system-err><![CDATA[--Output from testSomething--
]]></system-err>

  </testsuite>
  <testsuite errors="0" failures="0" hostname="cooper" id="25" name="ContactServiceTests" package="org.bworks.bworksdb" tests="1" time="0.0020" timestamp="2010-01-22T07:58:51">
      <properties />

      <testcase classname="org.bworks.bworksdb.ContactServiceTests" name="testSomething" time="0.0020" />

      <system-out><![CDATA[--Output from testSomething--
]]></system-out>

      <system-err><![CDATA[--Output from testSomething--
]]></system-err>

  </testsuite>
  <testsuite errors="0" failures="0" hostname="cooper" id="26" name="ContactTests" package="org.bworks.bworksdb" tests="1" time="0.0020" timestamp="2010-01-22T07:58:51">
      <properties />

      <testcase classname="org.bworks.bworksdb.ContactTests" name="testSomething" time="0.0020" />

      <system-out><![CDATA[--Output from testSomething--
]]></system-out>

      <system-err><![CDATA[--Output from testSomething--
]]></system-err>

  </testsuite>
  <testsuite errors="0" failures="0" hostname="cooper" id="27" name="EnrollmentTests" package="org.bworks.bworksdb" tests="1" time="0.0020" timestamp="2010-01-22T07:58:51">
      <properties />

      <testcase classname="org.bworks.bworksdb.EnrollmentTests" name="testSomething" time="0.0010" />

      <system-out><![CDATA[--Output from testSomething--
]]></system-out>

      <system-err><![CDATA[--Output from testSomething--
]]></system-err>

  </testsuite>
  <testsuite errors="0" failures="0" hostname="cooper" id="28" name="ErrorControllerTests" package="org.bworks.bworksdb" tests="1" time="0.01" timestamp="2010-01-22T07:58:51">
      <properties />

      <testcase classname="org.bworks.bworksdb.ErrorControllerTests" name="testSomething" time="0.01" />

      <system-out><![CDATA[--Output from testSomething--
]]></system-out>

      <system-err><![CDATA[--Output from testSomething--
]]></system-err>

  </testsuite>
  <testsuite errors="0" failures="0" hostname="cooper" id="29" name="HomeControllerTests" package="org.bworks.bworksdb" tests="1" time="0.271" timestamp="2010-01-22T07:58:50">
      <properties />

      <testcase classname="org.bworks.bworksdb.HomeControllerTests" name="testSomething" time="0.271" />

      <system-out><![CDATA[--Output from testSomething--
]]></system-out>

      <system-err><![CDATA[--Output from testSomething--
]]></system-err>

  </testsuite>
  <testsuite errors="0" failures="0" hostname="cooper" id="30" name="InterestTests" package="org.bworks.bworksdb" tests="1" time="0.446" timestamp="2010-01-22T07:58:49">
      <properties />

      <testcase classname="org.bworks.bworksdb.InterestTests" name="testConstraints_Green" time="0.445" />

      <system-out><![CDATA[--Output from testConstraints_Green--
]]></system-out>

      <system-err><![CDATA[--Output from testConstraints_Green--
]]></system-err>

  </testsuite>
  <testsuite errors="0" failures="0" hostname="cooper" id="31" name="LessonDateTests" package="org.bworks.bworksdb" tests="1" time="0.0010" timestamp="2010-01-22T07:58:51">
      <properties />

      <testcase classname="org.bworks.bworksdb.LessonDateTests" name="testSomething" time="0.0010" />

      <system-out><![CDATA[--Output from testSomething--
]]></system-out>

      <system-err><![CDATA[--Output from testSomething--
]]></system-err>

  </testsuite>
  <testsuite errors="0" failures="0" hostname="cooper" id="32" name="LessonTests" package="org.bworks.bworksdb" tests="1" time="0.0030" timestamp="2010-01-22T07:58:50">
      <properties />

      <testcase classname="org.bworks.bworksdb.LessonTests" name="testSomething" time="0.0030" />

      <system-out><![CDATA[--Output from testSomething--
]]></system-out>

      <system-err><![CDATA[--Output from testSomething--
]]></system-err>

  </testsuite>
  <testsuite errors="0" failures="0" hostname="cooper" id="33" name="LesssonTests" package="org.bworks.bworksdb" tests="1" time="0.0020" timestamp="2010-01-22T07:58:51">
      <properties />

      <testcase classname="org.bworks.bworksdb.LesssonTests" name="testSomething" time="0.0020" />

      <system-out><![CDATA[--Output from testSomething--
]]></system-out>

      <system-err><![CDATA[--Output from testSomething--
]]></system-err>

  </testsuite>
  <testsuite errors="0" failures="0" hostname="cooper" id="34" name="NoteTests" package="org.bworks.bworksdb" tests="1" time="0.0010" timestamp="2010-01-22T07:58:51">
      <properties />

      <testcase classname="org.bworks.bworksdb.NoteTests" name="testSomething" time="0.0010" />

      <system-out><![CDATA[--Output from testSomething--
]]></system-out>

      <system-err><![CDATA[--Output from testSomething--
]]></system-err>

  </testsuite>
  <testsuite errors="0" failures="0" hostname="cooper" id="35" name="PhoneNumberTests" package="org.bworks.bworksdb" tests="1" time="0.0020" timestamp="2010-01-22T07:58:51">
      <properties />

      <testcase classname="org.bworks.bworksdb.PhoneNumberTests" name="testSomething" time="0.0020" />

      <system-out><![CDATA[--Output from testSomething--
]]></system-out>

      <system-err><![CDATA[--Output from testSomething--
]]></system-err>

  </testsuite>
  <testsuite errors="0" failures="0" hostname="cooper" id="36" name="ProgramControllerTests" package="org.bworks.bworksdb" tests="6" time="0.608" timestamp="2010-01-22T07:58:50">
      <properties />

      <testcase classname="org.bworks.bworksdb.ProgramControllerTests" name="testUpdate_NotFound" time="0.539" />

      <testcase classname="org.bworks.bworksdb.ProgramControllerTests" name="testUpdate_Green" time="0.023" />

      <testcase classname="org.bworks.bworksdb.ProgramControllerTests" name="testList_LessThanMax" time="0.015" />

      <testcase classname="org.bworks.bworksdb.ProgramControllerTests" name="testList_MoreThanMax" time="0.01" />

      <testcase classname="org.bworks.bworksdb.ProgramControllerTests" name="testShow_Found" time="0.011" />

      <testcase classname="org.bworks.bworksdb.ProgramControllerTests" name="testShow_NotFound" time="0.01" />

      <system-out><![CDATA[--Output from testUpdate_NotFound--
--Output from testUpdate_Green--
--Output from testList_LessThanMax--
--Output from testList_MoreThanMax--
--Output from testShow_Found--
--Output from testShow_NotFound--
]]></system-out>

      <system-err><![CDATA[--Output from testUpdate_NotFound--
--Output from testUpdate_Green--
--Output from testList_LessThanMax--
--Output from testList_MoreThanMax--
--Output from testShow_Found--
--Output from testShow_NotFound--
]]></system-err>

  </testsuite>
  <testsuite errors="0" failures="0" hostname="cooper" id="37" name="ProgramServiceTests" package="org.bworks.bworksdb" tests="1" time="0.0020" timestamp="2010-01-22T07:58:51">
      <properties />

      <testcase classname="org.bworks.bworksdb.ProgramServiceTests" name="testSomething" time="0.0020" />

      <system-out><![CDATA[--Output from testSomething--
]]></system-out>

      <system-err><![CDATA[--Output from testSomething--
]]></system-err>

  </testsuite>
  <testsuite errors="0" failures="0" hostname="cooper" id="38" name="ProgramTests" package="org.bworks.bworksdb" tests="3" time="0.023" timestamp="2010-01-22T07:58:51">
      <properties />

      <testcase classname="org.bworks.bworksdb.ProgramTests" name="testConstraints_Green" time="0.0080" />

      <testcase classname="org.bworks.bworksdb.ProgramTests" name="testConstraints_Red_NameBlank" time="0.0070" />

      <testcase classname="org.bworks.bworksdb.ProgramTests" name="testConstraints_Red_NoDescription" time="0.0070" />

      <system-out><![CDATA[--Output from testConstraints_Green--
--Output from testConstraints_Red_NameBlank--
--Output from testConstraints_Red_NoDescription--
]]></system-out>

      <system-err><![CDATA[--Output from testConstraints_Green--
--Output from testConstraints_Red_NameBlank--
--Output from testConstraints_Red_NoDescription--
]]></system-err>

  </testsuite>
  <testsuite errors="0" failures="0" hostname="cooper" id="39" name="StudentAnonymizerTests" package="org.bworks.bworksdb" tests="6" time="0.098" timestamp="2010-01-22T07:58:50">
      <properties />

      <testcase classname="org.bworks.bworksdb.StudentAnonymizerTests" name="testInstantiate" time="0.016" />

      <testcase classname="org.bworks.bworksdb.StudentAnonymizerTests" name="testStudentCount" time="0.0060" />

      <testcase classname="org.bworks.bworksdb.StudentAnonymizerTests" name="testFirstName" time="0.019" />

      <testcase classname="org.bworks.bworksdb.StudentAnonymizerTests" name="testMultipleFirstNames" time="0.019" />

      <testcase classname="org.bworks.bworksdb.StudentAnonymizerTests" name="testLastName" time="0.012" />

      <testcase classname="org.bworks.bworksdb.StudentAnonymizerTests" name="testMultipleLastNames" time="0.026" />

      <system-out><![CDATA[--Output from testInstantiate--
--Output from testStudentCount--
--Output from testFirstName--
--Output from testMultipleFirstNames--
--Output from testLastName--
--Output from testMultipleLastNames--
]]></system-out>

      <system-err><![CDATA[--Output from testInstantiate--
--Output from testStudentCount--
--Output from testFirstName--
--Output from testMultipleFirstNames--
--Output from testLastName--
--Output from testMultipleLastNames--
]]></system-err>

  </testsuite>
  <testsuite errors="0" failures="0" hostname="cooper" id="40" name="StudentServiceTests" package="org.bworks.bworksdb" tests="1" time="0.0040" timestamp="2010-01-22T07:58:49">
      <properties />

      <testcase classname="org.bworks.bworksdb.StudentServiceTests" name="testSomething" time="0.0020" />

      <system-out><![CDATA[--Output from testSomething--
]]></system-out>

      <system-err><![CDATA[--Output from testSomething--
]]></system-err>

  </testsuite>
  <testsuite errors="0" failures="0" hostname="cooper" id="41" name="StudentTests" package="org.bworks.bworksdb" tests="2" time="0.025" timestamp="2010-01-22T07:58:51">
      <properties />

      <testcase classname="org.bworks.bworksdb.StudentTests" name="testConstraints_Green" time="0.018" />

      <testcase classname="org.bworks.bworksdb.StudentTests" name="testFullName" time="0.0070" />

      <system-out><![CDATA[--Output from testConstraints_Green--
--Output from testFullName--
]]></system-out>

      <system-err><![CDATA[--Output from testConstraints_Green--
--Output from testFullName--
]]></system-err>

  </testsuite>
  <testsuite errors="0" failures="0" hostname="cooper" id="42" name="TestDataServiceTests" package="org.bworks.bworksdb" tests="1" time="0.068" timestamp="2010-01-22T07:58:49">
      <properties />

      <testcase classname="org.bworks.bworksdb.TestDataServiceTests" name="testSomething" time="0.066" />

      <system-out><![CDATA[--Output from testSomething--
]]></system-out>

      <system-err><![CDATA[--Output from testSomething--
]]></system-err>

  </testsuite>
  <testsuite errors="0" failures="0" hostname="cooper" id="43" name="ShiroUserControllerTests" package="org.bworks.bworksdb.auth" tests="3" time="0.074" timestamp="2010-01-22T07:58:51">
      <properties />

      <testcase classname="org.bworks.bworksdb.auth.ShiroUserControllerTests" name="testUpdate_NotFound" time="0.054" />

      <testcase classname="org.bworks.bworksdb.auth.ShiroUserControllerTests" name="testUpdate_VersionMisMatch" time="0.01" />

      <testcase classname="org.bworks.bworksdb.auth.ShiroUserControllerTests" name="testUpdate_HasErrors" time="0.01" />

      <system-out><![CDATA[--Output from testUpdate_NotFound--
--Output from testUpdate_VersionMisMatch--
--Output from testUpdate_HasErrors--
]]></system-out>

      <system-err><![CDATA[--Output from testUpdate_NotFound--
--Output from testUpdate_VersionMisMatch--
--Output from testUpdate_HasErrors--
]]></system-err>

  </testsuite>
  <testsuite errors="0" failures="0" hostname="cooper" id="44" name="ShiroUserTests" package="org.bworks.bworksdb.auth" tests="5" time="0.035" timestamp="2010-01-22T07:58:51">
      <properties />

      <testcase classname="org.bworks.bworksdb.auth.ShiroUserTests" name="testPassword_Mismatch" time="0.0070" />

      <testcase classname="org.bworks.bworksdb.auth.ShiroUserTests" name="testPassword_TooShort" time="0.0060" />

      <testcase classname="org.bworks.bworksdb.auth.ShiroUserTests" name="testPassword_TooShort2" time="0.0060" />

      <testcase classname="org.bworks.bworksdb.auth.ShiroUserTests" name="testPassword_NoDigit" time="0.0060" />

      <testcase classname="org.bworks.bworksdb.auth.ShiroUserTests" name="testPassword_Green" time="0.0080" />

      <system-out><![CDATA[--Output from testPassword_Mismatch--
--Output from testPassword_TooShort--
--Output from testPassword_TooShort2--
--Output from testPassword_NoDigit--
--Output from testPassword_Green--
]]></system-out>

      <system-err><![CDATA[--Output from testPassword_Mismatch--
--Output from testPassword_TooShort--
--Output from testPassword_TooShort2--
--Output from testPassword_NoDigit--
--Output from testPassword_Green--
]]></system-err>

  </testsuite>
</testsuites>
